2022-03-18 09:12:23:335 [Appium] Welcome to Appium v1.22.2
2022-03-18 09:12:23:336 [Appium] Non-default server args:
2022-03-18 09:12:23:337 [Appium]   address: 127.0.0.1
2022-03-18 09:12:23:337 [Appium]   port: 4725
2022-03-18 09:12:23:337 [Appium]   sessionOverride: true
2022-03-18 09:12:23:337 [Appium]   logFile: ./serverlogs/e78cdc38581092179c4b3cfc28ade49cea3a1370.log
2022-03-18 09:12:23:337 [Appium]   udid: e78cdc38581092179c4b3cfc28ade49cea3a1370
2022-03-18 09:12:23:338 [Appium] Deprecated server args:
2022-03-18 09:12:23:338 [Appium]   -U => --default-capabilities
2022-03-18 09:12:23:338 [Appium] Default capabilities, which will be added to each request unless overridden by desired capabilities:
2022-03-18 09:12:23:338 [Appium]   udid: e78cdc38581092179c4b3cfc28ade49cea3a1370
2022-03-18 09:12:23:354 [Appium] Appium REST http interface listener started on 127.0.0.1:4725
2022-03-18 09:12:23:539 [HTTP] Request idempotency key: d2f296cf-8f30-48eb-a406-bd14ef3baeb0
2022-03-18 09:12:23:564 [HTTP] --> POST /wd/hub/session
2022-03-18 09:12:23:565 [HTTP] {"capabilities":{"alwaysMatch":{"platformName":"iOS","appium:platformVersion":"13.3","appium:deviceName":"测试机02","appium:app":"com.tk.getIdfa.TKIDFA","appium:udid":"e78cdc38581092179c4b3cfc28ade49cea3a1370","appium:noReset":true,"appium:newCommandTimeout":600,"appium:automationName":"XCUITest","appium:autoLaunch":true,"appium:clearSystemFiles":true,"appium:wdaLocalPort":"8102"},"firstMatch":[{}]},"desiredCapabilities":{"platformName":"iOS","platformVersion":"13.3","deviceName":"测试机02","app":"com.tk.getIdfa.TKIDFA","udid":"e78cdc38581092179c4b3cfc28ade49cea3a1370","noReset":true,"newCommandTimeout":600,"automationName":"XCUITest","autoLaunch":true,"clearSystemFiles":true,"wdaLocalPort":"8102"}}
2022-03-18 09:12:23:567 [W3C] Calling AppiumDriver.createSession() with args: [{"platformName":"iOS","platformVersion":"13.3","deviceName":"测试机02","app":"com.tk.getIdfa.TKIDFA","udid":"e78cdc38581092179c4b3cfc28ade49cea3a1370","noReset":true,"newCommandTimeout":600,"automationName":"XCUITest","autoLaunch":true,"clearSystemFiles":true,"wdaLocalPort":"8102"},null,{"alwaysMatch":{"platformName":"iOS","appium:platformVersion":"13.3","appium:deviceName":"测试机02","appium:app":"com.tk.getIdfa.TKIDFA","appium:udid":"e78cdc38581092179c4b3cfc28ade49cea3a1370","appium:noReset":true,"appium:newCommandTimeout":600,"appium:automationName":"XCUITest","appium:autoLaunch":true,"appium:clearSystemFiles":true,"appium:wdaLocalPort":"8102"},"firstMatch":[{}]}]
2022-03-18 09:12:23:568 [BaseDriver] Event 'newSessionRequested' logged at 1647594743567 (17:12:23 GMT+0800 (China Standard Time))
2022-03-18 09:12:24:093 [Appium] Appium v1.22.2 creating new XCUITestDriver (v3.59.0) session
2022-03-18 09:12:24:093 [Appium] There are no active sessions for cleanup
2022-03-18 09:12:24:095 [BaseDriver] W3C capabilities and MJSONWP desired capabilities were provided
2022-03-18 09:12:24:095 [BaseDriver] Creating session with W3C capabilities: {
2022-03-18 09:12:24:096 [BaseDriver]   "alwaysMatch": {
2022-03-18 09:12:24:096 [BaseDriver]     "platformName": "iOS",
2022-03-18 09:12:24:096 [BaseDriver]     "appium:platformVersion": "13.3",
2022-03-18 09:12:24:096 [BaseDriver]     "appium:deviceName": "测试机02",
2022-03-18 09:12:24:096 [BaseDriver]     "appium:app": "com.tk.getIdfa.TKIDFA",
2022-03-18 09:12:24:096 [BaseDriver]     "appium:udid": "e78cdc38581092179c4b3cfc28ade49cea3a1370",
2022-03-18 09:12:24:096 [BaseDriver]     "appium:noReset": true,
2022-03-18 09:12:24:096 [BaseDriver]     "appium:newCommandTimeout": 600,
2022-03-18 09:12:24:096 [BaseDriver]     "appium:automationName": "XCUITest",
2022-03-18 09:12:24:096 [BaseDriver]     "appium:autoLaunch": true,
2022-03-18 09:12:24:096 [BaseDriver]     "appium:clearSystemFiles": true,
2022-03-18 09:12:24:096 [BaseDriver]     "appium:wdaLocalPort": "8102"
2022-03-18 09:12:24:096 [BaseDriver]   },
2022-03-18 09:12:24:096 [BaseDriver]   "firstMatch": [
2022-03-18 09:12:24:097 [BaseDriver]     {}
2022-03-18 09:12:24:097 [BaseDriver]   ]
2022-03-18 09:12:24:097 [BaseDriver] }
2022-03-18 09:12:24:099 [BaseDriver] Number capability passed in as string. Functionality may be compromised.
2022-03-18 09:12:24:101 [BaseDriver] Capability 'wdaLocalPort' changed from string ('8102') to integer (8102). This may cause unexpected behavior
2022-03-18 09:12:24:103 [BaseDriver] Session created with session id: fa44712b-4603-45bc-838f-d2789223287a
2022-03-18 09:12:24:120 [XCUITest] Current user: 'taken'
2022-03-18 09:12:24:133 [XCUITest] Available devices: e78cdc38581092179c4b3cfc28ade49cea3a1370, d6acb3b580c166fc9172ebd5dd2d3f2749ce5c3c
2022-03-18 09:12:24:133 [XCUITest] Creating iDevice object with udid 'e78cdc38581092179c4b3cfc28ade49cea3a1370'
2022-03-18 09:12:24:133 [XCUITest] Determining device to run tests on: udid: 'e78cdc38581092179c4b3cfc28ade49cea3a1370', real device: true
2022-03-18 09:12:24:200 [BaseDriver] Event 'xcodeDetailsRetrieved' logged at 1647594744199 (17:12:24 GMT+0800 (China Standard Time))
2022-03-18 09:12:24:201 [XCUITest] App is an iOS bundle, will attempt to run as pre-existing
2022-03-18 09:12:24:201 [BaseDriver] Event 'appConfigured' logged at 1647594744201 (17:12:24 GMT+0800 (China Standard Time))
2022-03-18 09:12:24:201 [BaseDriver] Event 'resetStarted' logged at 1647594744201 (17:12:24 GMT+0800 (China Standard Time))
2022-03-18 09:12:24:201 [XCUITest] Reset: fullReset not set. Leaving as is
2022-03-18 09:12:24:202 [BaseDriver] Event 'resetComplete' logged at 1647594744201 (17:12:24 GMT+0800 (China Standard Time))
2022-03-18 09:12:24:203 [WebDriverAgent] Using WDA path: '/usr/local/lib/node_modules/appium/node_modules/appium-webdriveragent'
2022-03-18 09:12:24:203 [WebDriverAgent] Using WDA agent: '/usr/local/lib/node_modules/appium/node_modules/appium-webdriveragent/WebDriverAgent.xcodeproj'
2022-03-18 09:12:24:485 [XCUITest] Crash reports root '/Users/taken/Library/Logs/CrashReporter/MobileDevice/测试机02' does not exist. Got nothing to gather.
2022-03-18 09:12:24:486 [BaseDriver] Event 'logCaptureStarted' logged at 1647594744485 (17:12:24 GMT+0800 (China Standard Time))
2022-03-18 09:12:24:486 [XCUITest] Setting up real device
2022-03-18 09:12:24:747 [WebDriverAgent] No obsolete cached processes from previous WDA sessions listening on port 8102 have been found
2022-03-18 09:12:24:749 [DevCon Factory] Requesting connection for device e78cdc38581092179c4b3cfc28ade49cea3a1370 on local port 8102, device port 8102
2022-03-18 09:12:24:749 [DevCon Factory] Cached connections count: 0
2022-03-18 09:12:24:751 [DevCon Factory] Port #8102 is busy. Did you quit the previous driver session(s) properly?
2022-03-18 09:12:24:751 [XCUITest] {}
2022-03-18 09:12:24:753 [DevCon Factory] Releasing connections for e78cdc38581092179c4b3cfc28ade49cea3a1370 device on any port number
2022-03-18 09:12:24:753 [DevCon Factory] No cached connections have been found
2022-03-18 09:13:09:539 [Appium] Received SIGINT - shutting down
